<?xml version="1.0" encoding="UTF-8"?>
<!-- Generated by org.testng.reporters.JUnitReportReporter -->
<testsuite skipped="0" hostname="DESKTOP-6GJ863T" name="test.NewDepositTest" tests="1" failures="0" timestamp="2020-02-11T11:48:21 CST" time="43.397" errors="0">
  <testcase name="userShouldBeAbleToAddDeposit" time="43.397" classname="test.NewDepositTest"/>
</testsuite> <!-- test.NewDepositTest -->
